content.js:47 data:  190 191 20
content.js:47 data:  190 191 20
content.js:47 data:  190 191 20
content.js:47 data:  190 192 20
content.js:47 data:  190 192 20
content.js:47 data:  190 192 20
content.js:47 data:  190 192 20
content.js:47 data:  190 192 20
content.js:47 data:  190 192 20
content.js:47 data:  190 193 20
content.js:47 data:  190 193 20
content.js:47 data:  190 193 20
content.js:47 data:  190 193 20
content.js:47 data:  190 193 20
content.js:47 data:  190 193 20
content.js:47 data:  190 194 20
content.js:47 data:  190 194 20
content.js:47 data:  190 194 20
content.js:47 data:  190 194 20
content.js:47 data:  190 194 20
content.js:47 data:  190 194 20
content.js:47 data:  190 194 21
content.js:47 data:  190 194 21
content.js:47 data:  190 194 21
content.js:47 data:  190 194 21
content.js:47 data:  190 194 21
content.js:47 data:  190 195 21
content.js:47 data:  190 195 21
content.js:47 data:  190 195 21
content.js:47 data:  190 195 21
content.js:47 data:  190 195 21
content.js:47 data:  190 195 21
content.js:47 data:  191 195 21
content.js:47 data:  191 195 21
content.js:47 data:  191 195 21
content.js:47 data:  191 195 21
content.js:47 data:  191 195 21
content.js:47 data:  191 195 21
content.js:47 data:  191 196 21
content.js:47 data:  191 196 21
content.js:47 data:  191 196 21
content.js:47 data:  191 196 21
content.js:47 data:  191 196 21
content.js:47 data:  191 196 21
content.js:47 data:  191 197 21
content.js:47 data:  191 197 21
content.js:47 data:  191 197 21
content.js:47 data:  191 197 21
content.js:47 data:  191 197 21
content.js:47 data:  191 197 21
content.js:47 data:  191 198 21
content.js:47 data:  191 198 21
content.js:47 data:  191 198 21
content.js:47 data:  191 198 21
content.js:47 data:  191 198 21
content.js:47 data:  191 198 21
content.js:47 data:  191 199 21
content.js:47 data:  191 199 21
content.js:47 data:  191 199 21
content.js:47 data:  191 199 21
content.js:47 data:  191 199 21
content.js:47 data:  191 199 21
content.js:47 data:  191 199 21
content.js:47 data:  192 199 21
content.js:47 data:  192 199 21
content.js:47 data:  192 199 21
content.js:47 data:  192 199 21
content.js:47 data:  192 199 21
content.js:47 data:  192 199 21
content.js:47 data:  193 199 21
content.js:47 data:  193 199 21
content.js:47 data:  193 199 21
content.js:47 data:  193 199 21
content.js:47 data:  193 199 21
content.js:47 data:  193 199 21
content.js:47 data:  193 200 21
content.js:47 data:  193 200 21
content.js:47 data:  193 200 21
content.js:47 data:  193 200 21
content.js:47 data:  193 200 21
content.js:47 data:  193 200 21
content.js:47 data:  193 201 21
content.js:47 data:  193 201 21
content.js:47 data:  193 201 21
content.js:47 data:  193 201 21
content.js:47 data:  193 201 21
content.js:47 data:  193 201 21
content.js:47 data:  193 202 21
content.js:47 data:  193 202 21
content.js:47 data:  193 202 21
content.js:47 data:  193 202 21
content.js:47 data:  193 202 21
content.js:47 data:  193 202 21
content.js:47 data:  193 202 21
content.js:47 data:  193 203 21
content.js:47 data:  193 203 21
content.js:47 data:  193 203 21
content.js:47 data:  193 203 21
content.js:47 data:  193 203 21
content.js:47 data:  193 203 21
content.js:47 data:  194 203 21
content.js:47 data:  194 203 21
content.js:47 data:  194 203 21
content.js:47 data:  194 203 21
content.js:47 data:  194 203 21
content.js:47 data:  194 203 21
content.js:47 data:  195 203 21
content.js:47 data:  195 203 21
content.js:47 data:  195 203 21
content.js:47 data:  195 203 21
content.js:47 data:  195 203 21
content.js:47 data:  195 203 21
content.js:47 data:  195 204 21
content.js:47 data:  195 204 21
content.js:47 data:  195 204 21
content.js:47 data:  195 204 21
content.js:47 data:  195 204 21
content.js:47 data:  195 204 21
content.js:47 data:  195 204 22
content.js:47 data:  195 204 22
content.js:47 data:  195 204 22
content.js:47 data:  195 204 22
content.js:47 data:  195 204 22
content.js:47 data:  195 204 22
content.js:47 data:  195 204 23
content.js:47 data:  195 204 23
content.js:47 data:  195 204 23
content.js:47 data:  195 204 23
content.js:47 data:  195 204 23
content.js:47 data:  195 204 23
content.js:47 data:  195 205 23
content.js:47 data:  195 205 23
content.js:47 data:  195 205 23
content.js:47 data:  195 205 23
content.js:47 data:  195 205 23
content.js:47 data:  195 205 23
content.js:47 data:  196 205 23
content.js:47 data:  196 205 23
content.js:47 data:  196 205 23
content.js:47 data:  196 205 23
content.js:47 data:  196 205 23
content.js:47 data:  196 205 23
content.js:47 data:  197 205 23
content.js:47 data:  197 205 23
content.js:47 data:  197 205 23
content.js:47 data:  197 205 23
content.js:47 data:  197 205 23
content.js:47 data:  197 205 23
content.js:47 data:  198 205 23
content.js:47 data:  198 205 23
content.js:47 data:  198 205 23
content.js:47 data:  198 205 23
content.js:47 data:  198 205 23
content.js:47 data:  198 205 23
content.js:47 data:  199 205 23
content.js:47 data:  199 205 23
content.js:47 data:  199 205 23
content.js:47 data:  199 205 23
content.js:47 data:  199 205 23
content.js:47 data:  199 205 23
content.js:47 data:  200 205 23
content.js:47 data:  200 205 23
content.js:47 data:  200 205 23
content.js:47 data:  200 205 23
content.js:47 data:  200 205 23
content.js:47 data:  200 205 23
content.js:47 data:  200 206 23
content.js:47 data:  200 206 23
content.js:47 data:  200 206 23
content.js:47 data:  200 206 23
content.js:47 data:  200 206 23
content.js:47 data:  200 206 23
content.js:47 data:  200 207 23
content.js:47 data:  200 207 23
content.js:47 data:  200 207 23
content.js:47 data:  200 207 23
content.js:47 data:  200 207 23
content.js:47 data:  200 207 23
content.js:47 data:  201 207 23
content.js:47 data:  201 207 23
content.js:47 data:  201 207 23
content.js:47 data:  201 207 23
content.js:47 data:  201 207 23
content.js:47 data:  201 207 23
content.js:47 data:  202 207 23
content.js:47 data:  202 207 23
content.js:47 data:  202 207 23
content.js:47 data:  202 207 23
content.js:47 data:  202 207 23
content.js:47 data:  202 207 23
content.js:47 data:  202 208 23
content.js:47 data:  202 208 23
content.js:47 data:  202 208 23
content.js:47 data:  202 208 23
content.js:47 data:  202 208 23
content.js:47 data:  202 208 23
content.js:47 data:  202 209 23
content.js:47 data:  202 209 23
content.js:47 data:  202 209 23
content.js:47 data:  202 209 23
content.js:47 data:  202 209 23
content.js:47 data:  202 209 23
content.js:47 data:  202 210 23
content.js:47 data:  202 210 23
content.js:47 data:  202 210 23
content.js:47 data:  202 210 23
content.js:47 data:  202 210 23
content.js:47 data:  202 210 23
content.js:47 data:  203 210 23
content.js:47 data:  203 210 23
content.js:47 data:  203 210 23
content.js:47 data:  203 210 23
content.js:47 data:  203 210 23
content.js:47 data:  203 210 23
content.js:47 data:  203 210 24
content.js:47 data:  203 210 24
content.js:47 data:  203 210 24
content.js:47 data:  203 210 24
content.js:47 data:  203 210 24
content.js:47 data:  203 210 24
content.js:47 data:  203 211 24
content.js:47 data:  203 211 24
content.js:47 data:  203 211 24
content.js:47 data:  203 211 24
content.js:47 data:  203 211 24
content.js:47 data:  203 211 24
content.js:47 data:  203 211 25
content.js:47 data:  203 211 25
content.js:47 data:  203 211 25
content.js:47 data:  203 211 25
content.js:47 data:  203 211 25
content.js:47 data:  203 211 25
content.js:47 data:  203 211 25
content.js:47 data:  204 211 25
content.js:47 data:  204 211 25
content.js:47 data:  204 211 25
content.js:47 data:  204 211 25
content.js:47 data:  204 211 25
content.js:47 data:  204 211 25
content.js:47 data:  204 212 25
content.js:47 data:  204 212 25
content.js:47 data:  204 212 25
content.js:47 data:  204 212 25
content.js:47 data:  204 212 25
content.js:47 data:  204 212 25
content.js:47 data:  204 213 25
content.js:47 data:  204 213 25
content.js:47 data:  204 213 25
content.js:47 data:  204 213 25
content.js:47 data:  204 213 25
content.js:47 data:  204 213 25
content.js:47 data:  204 214 25
content.js:47 data:  204 214 25
content.js:47 data:  204 214 25
content.js:47 data:  204 214 25
content.js:47 data:  204 214 25
content.js:47 data:  204 214 25
content.js:47 data:  205 214 25
content.js:47 data:  205 214 25
content.js:47 data:  205 214 25
content.js:47 data:  205 214 25
content.js:47 data:  205 214 25
content.js:47 data:  205 214 25
content.js:47 data:  205 215 25
content.js:47 data:  205 215 25
content.js:47 data:  205 215 25
content.js:47 data:  205 215 25
content.js:47 data:  205 215 25
content.js:47 data:  205 215 25
content.js:47 data:  205 216 25
content.js:47 data:  205 216 25
content.js:47 data:  205 216 25
content.js:47 data:  205 216 25
content.js:47 data:  205 216 25
content.js:47 data:  205 216 25
content.js:47 data:  205 217 25
content.js:47 data:  205 217 25
content.js:47 data:  205 217 25
content.js:47 data:  205 217 25
content.js:47 data:  205 217 25
content.js:47 data:  205 217 25
content.js:47 data:  206 217 25
